This is pdfTeX, Version 3.14159265-2.6-1.40.19 (TeX Live 2019/dev/Debian) (preloaded format=pdflatex 2019.11.18)  22 NOV 2019 13:27
entering extended mode
 restricted \write18 enabled.
 %&-line parsing enabled.
**/home/gz007/Documents/UTEC/Software/Project/easy-exam-grupo-ii/Implementation
/backend/backend/./src/main/java/com/easyexam/files/prueba.tex

(/home/gz007/Documents/UTEC/Software/Project/easy-exam-grupo-ii/Implementation/
backend/backend/./src/main/java/com/easyexam/files/prueba.tex
LaTeX2e <2018-12-01>
(/usr/share/texlive/texmf-dist/tex/latex/base/article.cls
Document Class: article 2018/09/03 v1.4i Standard LaTeX document class
(/usr/share/texlive/texmf-dist/tex/latex/base/size10.clo
File: size10.clo 2018/09/03 v1.4i Standard LaTeX file (size option)
)
\c@part=\count80
\c@section=\count81
\c@subsection=\count82
\c@subsubsection=\count83
\c@paragraph=\count84
\c@subparagraph=\count85
\c@figure=\count86
\c@table=\count87
\abovecaptionskip=\skip41
\belowcaptionskip=\skip42
\bibindent=\dimen102
)
(/home/gz007/Documents/UTEC/Software/Project/easy-exam-grupo-ii/Implementation/
backend/backend/./src/main/java/com/easyexam/files/prueba.aux)
\openout1 = `prueba.aux'.

LaTeX Font Info:    Checking defaults for OML/cmm/m/it on input line 3.
LaTeX Font Info:    ... okay on input line 3.
LaTeX Font Info:    Checking defaults for T1/cmr/m/n on input line 3.
LaTeX Font Info:    ... okay on input line 3.
LaTeX Font Info:    Checking defaults for OT1/cmr/m/n on input line 3.
LaTeX Font Info:    ... okay on input line 3.
LaTeX Font Info:    Checking defaults for OMS/cmsy/m/n on input line 3.
LaTeX Font Info:    ... okay on input line 3.
LaTeX Font Info:    Checking defaults for OMX/cmex/m/n on input line 3.
LaTeX Font Info:    ... okay on input line 3.
LaTeX Font Info:    Checking defaults for U/cmr/m/n on input line 3.
LaTeX Font Info:    ... okay on input line 3.
LaTeX Font Info:    External font `cmex10' loaded for size
(Font)              <12> on input line 4.
LaTeX Font Info:    External font `cmex10' loaded for size
(Font)              <8> on input line 4.
LaTeX Font Info:    External font `cmex10' loaded for size
(Font)              <6> on input line 4.


LaTeX Warning: No \author given.

[1

{/var/lib/texmf/fonts/map/pdftex/updmap/pdftex.map}]
(/home/gz007/Documents/UTEC/Software/Project/easy-exam-grupo-ii/Implementation/
backend/backend/./src/main/java/com/easyexam/files/prueba.aux) ) 
Here is how much of TeX's memory you used:
 224 strings out of 494561
 3539 string characters out of 6177453
 54635 words of memory out of 5000000
 3962 multiletter control sequences out of 15000+600000
 6675 words of font info for 24 fonts, out of 8000000 for 9000
 14 hyphenation exceptions out of 8191
 23i,6n,17p,259b,193s stack positions out of 5000i,500n,10000p,200000b,80000s
</usr/share/tex
live/texmf-dist/fonts/type1/public/amsfonts/cm/cmr10.pfb></usr/share/texlive/te
xmf-dist/fonts/type1/public/amsfonts/cm/cmr12.pfb></usr/share/texlive/texmf-dis
t/fonts/type1/public/amsfonts/cm/cmr17.pfb>
Output written on /home/gz007/Documents/UTEC/Software/Project/easy-exam-grupo-i
i/Implementation/backend/backend/./src/main/java/com/easyexam/files/prueba.pdf 
(1 page, 29149 bytes).
PDF statistics:
 20 PDF objects out of 1000 (max. 8388607)
 13 compressed objects within 1 object stream
 0 named destinations out of 1000 (max. 500000)
 1 words of extra memory for PDF output out of 10000 (max. 10000000)

